Simulation ...!!!
Running with the parameters:
Total Neurons = 100
Exc Neurons = 100
Inh Neurons = 0
maxTimeSimulation = 8.000000 s
nBurst = 200
dt = 0.005000
vInh = 70.000000
Case = 21
SAVE_SIMULATION = 1

<100,70.0000>- burst:1, time: 98.2900
<100,70.0000>- burst:2, time: 3557.9700
<100,70.0000>- burst:3, time: 4443.9450
<100,70.0000>- burst:4, time: 5568.1300
<100,70.0000>- burst:5, time: 7470.6650
Simulation duration: 729.6400 seconds
=========================================
Writing in file: ./results/HH_BBT_case21_rk4_dt5_100,0,vI70,t=8s_double_IappDES.txt
Writing in file: ./results/HH_BBT_case21_rk4_dt5_100,0,vI70,t=8s_double_IappDES,Epis.txt
Writing in file: ./results/HH_BBT_case21_rk4_dt5_100,0,vI70,t=8s_double_IappDES,Iapp.txt
Writing in file: ./results/HH_BBT_case21_rk4_dt5_100_0_vI_70_t8s_double_IappDES_Spikes.m
