Simulation ...!!!
Running with the parameters:
Total Neurons = 100
Exc Neurons = 100
Inh Neurons = 0
maxTimeSimulation = 8.000000 s
nBurst = 200
dt = 0.010000
vInh = 70.000000
Case = 21
SAVE_SIMULATION = 1

<100,70.0000>- burst:1, time: 98.2800
<100,70.0000>- burst:2, time: 1730.9500
<100,70.0000>- burst:3, time: 3383.8700
<100,70.0000>- burst:4, time: 5255.3000
<100,70.0000>- burst:5, time: 6772.9600
Simulation duration: 175.5360 seconds
=========================================
Writing in file: ./results/HH_BBT_case21_rk4_dt10_100,0,vI70,t=8s_double_IappDES.txt
Writing in file: ./results/HH_BBT_case21_rk4_dt10_100,0,vI70,t=8s_double_IappDES,Epis.txt
Writing in file: ./results/HH_BBT_case21_rk4_dt10_100,0,vI70,t=8s_double_IappDES,Iapp.txt
Writing in file: ./results/HH_BBT_case21_rk4_dt10_100_0_vI_70_t8s_double_IappDES_Spikes.m
