./runner -case 21 -nBurst 200 -pExcN 1.0 -vInh 70
Simulation ...!!!
Running with the parameters:
Total Neurons = 100
Exc Neurons = 100
Inh Neurons = 0
maxTimeSimulation = 8.000000 s
nBurst = 200
dt = 0.001250
vInh = 70.000000
Case = 21
SAVE_SIMULATION = 1

<100,70.0000>- burst:1, time: 98.3175
<100,70.0000>- burst:2, time: 3099.9037
<100,70.0000>- burst:3, time: 5383.3288
<100,70.0000>- burst:4, time: 6500.5550
Simulation duration: 1014.6246 seconds
=========================================
Writing in file: ./results/HH_BBT_case21_rk4_dt1_100,0,vI70,t=8s_double_IappDES.txt
Writing in file: ./results/HH_BBT_case21_rk4_dt1_100,0,vI70,t=8s_double_IappDES,Epis.txt
Writing in file: ./results/HH_BBT_case21_rk4_dt1_100,0,vI70,t=8s_double_IappDES,Iapp.txt
Writing in file: ./results/HH_BBT_case21_rk4_dt1_100_0_vI_70_t8s_double_IappDES_Spikes.m
