Simulation ...!!!
Running with the parameters:
Total Neurons = 100
Exc Neurons = 100
Inh Neurons = 0
maxTimeSimulation = 8.000000 s
nBurst = 200
dt = 0.002500
vInh = 70.000000
Case = 21
SAVE_SIMULATION = 1

<100,70.0000>- burst:1, time: 98.3075
<100,70.0000>- burst:2, time: 2163.6425
<100,70.0000>- burst:3, time: 3428.6650
<100,70.0000>- burst:4, time: 5403.3400
<100,70.0000>- burst:5, time: 6176.8225
<100,70.0000>- burst:6, time: 7325.0825
Simulation duration: 647.2812 seconds
=========================================
Writing in file: ./results/HH_BBT_case21_rk4_dt2_100,0,vI70,t=8s_double_IappDES.txt
Writing in file: ./results/HH_BBT_case21_rk4_dt2_100,0,vI70,t=8s_double_IappDES,Epis.txt
Writing in file: ./results/HH_BBT_case21_rk4_dt2_100,0,vI70,t=8s_double_IappDES,Iapp.txt
Writing in file: ./results/HH_BBT_case21_rk4_dt2_100_0_vI_70_t8s_double_IappDES_Spikes.m
